<?xml version="1.0" encoding="UTF-8"?>
<testsuite xmlns:xsi="http://www.w3.org/2001/XMLSchema-instance" xsi:noNamespaceSchemaLocation="https://maven.apache.org/surefire/maven-surefire-plugin/xsd/surefire-test-report-3.0.xsd" version="3.0" name="testeHelperRoads.HelperRoadsTest" time="0.045" tests="4" errors="0" skipped="0" failures="0">
  <properties>
[...]
</properties>
  <testcase name="testSelecionarOficina" classname="testeHelperRoads.HelperRoadsTest" time="0.02"/>
  <testcase name="testAdicionarOficina" classname="testeHelperRoads.HelperRoadsTest" time="0.002"/>
  <testcase name="testSelecionarOficinaNaoExistente" classname="testeHelperRoads.HelperRoadsTest" time="0.002"/>
  <testcase name="testCadastrarMotoboy" classname="testeHelperRoads.HelperRoadsTest" time="0.0"/>
</testsuite>